#
# A fatal error has been detected by the Java Runtime Environment:
#
#  EXCEPTION_ACCESS_VIOLATION (0xc0000005) at pc=0x00007fffc51dc9b8, pid=4444, tid=3948
#
# JRE version: OpenJDK Runtime Environment Temurin-17.0.8.1+1 (17.0.8.1+1) (build 17.0.8.1+1)
# Java VM: OpenJDK 64-Bit Server VM Temurin-17.0.8.1+1 (17.0.8.1+1, mixed mode, tiered, compressed oops, compressed class ptrs, parallel gc, windows-amd64)
# Problematic frame:
# V  [jvm.dll+0xc9b8]
#
# No core dump will be written. Minidumps are not enabled by default on client versions of Windows
#
# If you would like to submit a bug report, please visit:
#   https://github.com/adoptium/adoptium-support/issues
#

---------------  S U M M A R Y ------------

Command Line: --add-modules=ALL-SYSTEM --add-opens=java.base/java.util=ALL-UNNAMED --add-opens=java.base/java.lang=ALL-UNNAMED --add-opens=java.base/sun.nio.fs=ALL-UNNAMED -Declipse.application=org.eclipse.jdt.ls.core.id1 -Dosgi.bundles.defaultStartLevel=4 -Declipse.product=org.eclipse.jdt.ls.core.product -Djava.import.generatesMetadataFilesAtProjectRoot=false -DDetectVMInstallationsJob.disabled=true -Dfile.encoding=utf8 -XX:+UseParallelGC -XX:GCTimeRatio=4 -XX:AdaptiveSizePolicyWeight=90 -Dsun.zip.disableMemoryMapping=true -Xmx1G -Xms100m -Xlog:disable -javaagent:c:\Users\LEONI\.vscode\extensions\redhat.java-1.24.0-win32-x64\lombok\lombok-1.18.30.jar -XX:+HeapDumpOnOutOfMemoryError -XX:HeapDumpPath=c:\Users\LEONI\AppData\Roaming\Code\User\workspaceStorage\24824f23d4a191a488ceda43c2de63fd\redhat.java -Daether.dependencyCollector.impl=bf c:\Users\LEONI\.vscode\extensions\redhat.java-1.24.0-win32-x64\server\plugins\org.eclipse.equinox.launcher_1.6.500.v20230717-2134.jar -configuration c:\Users\LEONI\AppData\Roaming\Code\User\globalStorage\redhat.java\1.24.0\config_win -data c:\Users\LEONI\AppData\Roaming\Code\User\workspaceStorage\24824f23d4a191a488ceda43c2de63fd\redhat.java\jdt_ws --stdio

Host: Intel(R) Core(TM) i7-4510U CPU @ 2.00GHz, 4 cores, 7G,  Windows 10 , 64 bit Build 19041 (10.0.19041.3636)
Time: Sun Nov 19 16:18:56 2023 Hora oficial do Brasil elapsed time: 249871.998506 seconds (2d 21h 24m 31s)

---------------  T H R E A D  ---------------

Current thread (0x000001e52df68b10):  GCTaskThread "GC Thread#2" [stack: 0x0000000e24900000,0x0000000e24a00000] [id=3948]

Stack: [0x0000000e24900000,0x0000000e24a00000],  sp=0x0000000e249ff748,  free space=1021k
Native frames: (J=compiled Java code, j=interpreted, Vv=VM code, C=native code)
V  [jvm.dll+0xc9b8]


siginfo: EXCEPTION_ACCESS_VIOLATION (0xc0000005), reading address 0x000000068fee4960


Register to memory mapping:

RIP=0x00007fffc51dc9b8 jvm.dll
RAX=0x0000000000000001 is an unknown value
RBX=
[error occurred during error reporting (printing register info), id 0xc0000005, EXCEPTION_ACCESS_VIOLATION (0xc0000005) at pc=0x00007fffc5855126]

Registers:
RAX=0x0000000000000001, RBX=0x00000000c0b0c048, RCX=0x0000000000000003, RDX=0x00000000c0b0c048
RSP=0x0000000e249ff748, RBP=0x0000000e249ff850, RSI=0x00000000c0b093e4, RDI=0x000001e5147880f0
R8 =0x000000068fee4958, R9 =0x0000000000005860, R10=0x00000000c0b093e8, R11=0x0000000000000016
R12=0x0000000000000000, R13=0x00007fffc5b825d8, R14=0x00000001000ac6f8, R15=0x00000000c0b093c0
RIP=0x00007fffc51dc9b8, EFLAGS=0x0000000000010202

Top of Stack: (sp=0x0000000e249ff748)
0x0000000e249ff748:   00007fffc587c2b2 00000000c0b093e8
0x0000000e249ff758:   0000000000000005 0000000e249ff850
0x0000000e249ff768:   00007fffc587b0f9 000001e5147880f0
0x0000000e249ff778:   00007fffc5879b92 00000000c0b0c048
0x0000000e249ff788:   00000000c0a7cf14 00000000c0b04ed8
0x0000000e249ff798:   00007fffc587ae3f 00000001000ac6f0
0x0000000e249ff7a8:   00007fffc587a40e 00000000c0b093dc
0x0000000e249ff7b8:   00007fffc587b96e 00007fffc5aecbc0
0x0000000e249ff7c8:   0000000000000000 00007fffc5ce77a0
0x0000000e249ff7d8:   00007fffc5aecbc0 0000000000000bfb
0x0000000e249ff7e8:   00007fffc587bca9 00007fffc5b81de8
0x0000000e249ff7f8:   000001e5147880f0 0000000e249ff859
0x0000000e249ff808:   0000000000000bfc 000003179dd5b85d
0x0000000e249ff818:   0000000e23bfef50 000001e5147880f0
0x0000000e249ff828:   00007fffc5879b20 00000000c0356f48
0x0000000e249ff838:   00007fffc5a19858 0000000000000001 

Instructions: (pc=0x00007fffc51dc9b8)
0x00007fffc51dc8b8:   48 83 c4 20 5e c3 cc cc 48 8b 01 c3 cc cc cc cc
0x00007fffc51dc8c8:   cc cc cc cc cc cc cc cc 4c 8b 01 4c 8b c9 48 8b
0x00007fffc51dc8d8:   0d a3 14 b5 00 ba 44 60 08 00 e9 d9 f1 ff ff cc
0x00007fffc51dc8e8:   cc cc cc cc cc cc cc cc 48 89 5c 24 08 57 48 83
0x00007fffc51dc8f8:   ec 20 48 8b 39 48 8b d9 48 85 3d a1 f6 b9 00 75
0x00007fffc51dc908:   0e 48 8b c7 48 8b 5c 24 30 48 83 c4 20 5f c3 48
0x00007fffc51dc918:   8b cf e8 81 a2 85 00 48 8b d0 48 85 c0 74 20 48
0x00007fffc51dc928:   8b c7 f0 48 0f b1 13 74 16 48 85 05 70 f6 b9 00
0x00007fffc51dc938:   74 0d 48 8b c8 f0 48 0f b1 13 48 3b c1 75 ea 48
0x00007fffc51dc948:   8b 5c 24 30 48 8b c2 48 83 c4 20 5f c3 cc cc cc
0x00007fffc51dc958:   cc cc cc cc cc cc cc cc 4c 8b 01 4c 8b c9 48 8b
0x00007fffc51dc968:   0d 13 14 b5 00 ba 64 60 08 00 e9 49 f1 ff ff cc
0x00007fffc51dc978:   cc cc cc cc cc cc cc cc 8b 05 82 59 af 00 c3 cc
0x00007fffc51dc988:   cc cc cc cc cc cc cc cc 0f b6 05 e7 1c b6 00 48
0x00007fffc51dc998:   8b d1 84 c0 74 16 44 8b 41 08 8b 0d 60 59 af 00
0x00007fffc51dc9a8:   49 d3 e0 4c 03 05 4e 59 af 00 eb 04 4c 8b 41 08
0x00007fffc51dc9b8:   45 8b 50 08 45 85 d2 7e 0e 41 f6 c2 01 75 53 41
0x00007fffc51dc9c8:   c1 fa 03 41 8b c2 c3 79 49 84 c0 b9 10 00 00 00
0x00007fffc51dc9d8:   8b 05 66 68 af 00 41 b8 0c 00 00 00 41 0f 45 c8
0x00007fffc51dc9e8:   ff c8 4c 63 c8 48 63 14 11 41 8b ca 83 e1 3f 48
0x00007fffc51dc9f8:   d3 e2 41 8b ca 48 c1 f9 10 0f b6 c1 49 8d 0c 11
0x00007fffc51dca08:   49 f7 d1 48 03 c1 49 c1 e9 03 48 c1 e8 03 41 23
0x00007fffc51dca18:   c1 c3 49 8b 00 49 8b c8 48 ff a0 00 01 00 00 cc
0x00007fffc51dca28:   cc cc cc cc cc cc cc cc 8b 44 24 30 45 03 c9 44
0x00007fffc51dca38:   2b 4c 24 28 83 c0 0b 44 03 ca 45 03 c8 41 03 c1
0x00007fffc51dca48:   c3 cc cc cc cc cc cc cc 4c 8b ca 48 8b d1 45 8b
0x00007fffc51dca58:   41 08 45 85 c0 7e 0e 41 f6 c0 01 75 56 41 c1 f8
0x00007fffc51dca68:   03 41 8b c0 c3 79 4c 80 3d 08 1c b6 00 00 b8 0c
0x00007fffc51dca78:   00 00 00 b9 10 00 00 00 0f 45 c8 8b 05 bb 67 af
0x00007fffc51dca88:   00 ff c8 4c 63 c8 48 63 14 11 41 8b c8 83 e1 3f
0x00007fffc51dca98:   48 d3 e2 41 8b c8 48 c1 f9 10 0f b6 c1 49 8d 0c
0x00007fffc51dcaa8:   11 49 f7 d1 48 03 c1 49 c1 e9 03 48 c1 e8 03 41 


Stack slot to memory mapping:
stack at sp + 0 slots: 0x00007fffc587c2b2 jvm.dll
stack at sp + 1 slots: 0x00000000c0b093e8 is an oop: java.util.TreeMap$Entry 
{0x00000000c0b093e8} - klass: 'java/util/TreeMap$Entry'
 - ---- fields (total size 5 words):
 - 'color' 'Z' @12  false
 - 'key' 'Ljava/lang/Object;' @16  "cp273"{0x00000000c0afbc20} (c0afbc20)
 - 'value' 'Ljava/lang/Object;' @20  "IBM273"{0x00000000c0aec0a8} (c0aec0a8)
 - 'left' 'Ljava/util/TreeMap$Entry;' @24  a 'java/util/TreeMap$Entry'{0x00000000c0b09410} (c0b09410)
 - 'right' 'Ljava/util/TreeMap$Entry;' @28  a 'java/util/TreeMap$Entry'{0x00000000c0b0aab8} (c0b0aab8)
 - 'parent' 'Ljava/util/TreeMap$Entry;' @32  a 'java/util/TreeMap$Entry'{0x00000000c0b093c0} (c0b093c0)
stack at sp + 2 slots: 0x0000000000000005 is an unknown value
stack at sp + 3 slots: 0x0000000e249ff850 points into unknown readable memory: 0x00007fffc5b81de8 | e8 1d b8 c5 ff 7f 00 00
stack at sp + 4 slots: 0x00007fffc587b0f9 jvm.dll
stack at sp + 5 slots: 0x000001e5147880f0 points into unknown readable memory: 0x000001e528444fc0 | c0 4f 44 28 e5 01 00 00
stack at sp + 6 slots: 0x00007fffc5879b92 jvm.dll
stack at sp + 7 slots: 
[error occurred during error reporting (inspecting top of stack), id 0xc0000005, EXCEPTION_ACCESS_VIOLATION (0xc0000005) at pc=0x00007fffc5855126]


---------------  P R O C E S S  ---------------

Threads class SMR info:
_java_thread_list=0x000001e52eccdbb0, length=31, elements={
0x000001e5146db850, 0x000001e5284fe750, 0x000001e528501190, 0x000001e51478a0c0,
0x000001e51478d160, 0x000001e51478dcf0, 0x000001e51478e5c0, 0x000001e528529490,
0x000001e52854e060, 0x000001e52d6b2c90, 0x000001e52d7508a0, 0x000001e52d8b3500,
0x000001e52e2a2190, 0x000001e52e234a20, 0x000001e52e234f00, 0x000001e52e565660,
0x000001e52e39b180, 0x000001e52e39bba0, 0x000001e52e39d4f0, 0x000001e52e39da00,
0x000001e52e39ac70, 0x000001e530005480, 0x000001e530002c00, 0x000001e5313a1240,
0x000001e53139f3e0, 0x000001e53139da90, 0x000001e52d8e2a40, 0x000001e52d8e1b10,
0x000001e52d8e5ce0, 0x000001e52d8e1600, 0x000001e52d8e61f0
}

Java Threads: ( => current thread )
  0x000001e5146db850 JavaThread "main" [_thread_blocked, id=4652, stack(0x0000000e23900000,0x0000000e23a00000)]
  0x000001e5284fe750 JavaThread "Reference Handler" daemon [_thread_blocked, id=6372, stack(0x0000000e23c00000,0x0000000e23d00000)]
  0x000001e528501190 JavaThread "Finalizer" daemon [_thread_blocked, id=1672, stack(0x0000000e23d00000,0x0000000e23e00000)]
  0x000001e51478a0c0 JavaThread "Signal Dispatcher" daemon [_thread_blocked, id=9636, stack(0x0000000e23e00000,0x0000000e23f00000)]
  0x000001e51478d160 JavaThread "Attach Listener" daemon [_thread_blocked, id=10464, stack(0x0000000e23f00000,0x0000000e24000000)]
  0x000001e51478dcf0 JavaThread "Service Thread" daemon [_thread_blocked, id=10956, stack(0x0000000e24000000,0x0000000e24100000)]
  0x000001e51478e5c0 JavaThread "Monitor Deflation Thread" daemon [_thread_blocked, id=8788, stack(0x0000000e24100000,0x0000000e24200000)]
  0x000001e528529490 JavaThread "C2 CompilerThread0" daemon [_thread_blocked, id=2388, stack(0x0000000e24200000,0x0000000e24300000)]
  0x000001e52854e060 JavaThread "C1 CompilerThread0" daemon [_thread_blocked, id=2308, stack(0x0000000e24300000,0x0000000e24400000)]
  0x000001e52d6b2c90 JavaThread "Sweeper thread" daemon [_thread_blocked, id=9312, stack(0x0000000e24400000,0x0000000e24500000)]
  0x000001e52d7508a0 JavaThread "Common-Cleaner" daemon [_thread_blocked, id=7608, stack(0x0000000e24500000,0x0000000e24600000)]
  0x000001e52d8b3500 JavaThread "Notification Thread" daemon [_thread_blocked, id=10236, stack(0x0000000e24600000,0x0000000e24700000)]
  0x000001e52e2a2190 JavaThread "Active Thread: Equinox Container: cfd899fe-66f5-45cc-8fdc-8b01a99c568e" [_thread_blocked, id=9952, stack(0x0000000e24c00000,0x0000000e24d00000)]
  0x000001e52e234a20 JavaThread "Framework Event Dispatcher: Equinox Container: cfd899fe-66f5-45cc-8fdc-8b01a99c568e" daemon [_thread_blocked, id=9548, stack(0x0000000e24b00000,0x0000000e24c00000)]
  0x000001e52e234f00 JavaThread "Start Level: Equinox Container: cfd899fe-66f5-45cc-8fdc-8b01a99c568e" daemon [_thread_blocked, id=4528, stack(0x0000000e24d00000,0x0000000e24e00000)]
  0x000001e52e565660 JavaThread "Bundle File Closer" daemon [_thread_blocked, id=5540, stack(0x0000000e24e00000,0x0000000e24f00000)]
  0x000001e52e39b180 JavaThread "SCR Component Actor" daemon [_thread_blocked, id=3380, stack(0x0000000e24f00000,0x0000000e25000000)]
  0x000001e52e39bba0 JavaThread "Worker-JM" [_thread_blocked, id=11352, stack(0x0000000e25100000,0x0000000e25200000)]
  0x000001e52e39d4f0 JavaThread "Java indexing" daemon [_thread_blocked, id=8124, stack(0x0000000e25500000,0x0000000e25600000)]
  0x000001e52e39da00 JavaThread "JNA Cleaner" daemon [_thread_blocked, id=6284, stack(0x0000000e25700000,0x0000000e25800000)]
  0x000001e52e39ac70 JavaThread "pool-2-thread-1" [_thread_blocked, id=9576, stack(0x0000000e25b00000,0x0000000e25c00000)]
  0x000001e530005480 JavaThread "WorkspaceEventsHandler" [_thread_blocked, id=8112, stack(0x0000000e25c00000,0x0000000e25d00000)]
  0x000001e530002c00 JavaThread "pool-1-thread-1" [_thread_in_native, id=8024, stack(0x0000000e25d00000,0x0000000e25e00000)]
  0x000001e5313a1240 JavaThread "Java Debug Server" daemon [_thread_in_native, id=11864, stack(0x0000000e23700000,0x0000000e23800000)]
  0x000001e53139f3e0 JavaThread "RxSchedulerPurge-1" daemon [_thread_blocked, id=9176, stack(0x0000000e25800000,0x0000000e25900000)]
  0x000001e53139da90 JavaThread "RxCachedWorkerPoolEvictor-1" daemon [_thread_blocked, id=8088, stack(0x0000000e25900000,0x0000000e25a00000)]
  0x000001e52d8e2a40 JavaThread "Worker-79" [_thread_blocked, id=5480, stack(0x0000000e25300000,0x0000000e25400000)]
  0x000001e52d8e1b10 JavaThread "Worker-82" [_thread_blocked, id=9276, stack(0x0000000e25200000,0x0000000e25300000)]
  0x000001e52d8e5ce0 JavaThread "ForkJoinPool.commonPool-worker-96" daemon [_thread_blocked, id=6996, stack(0x0000000e23800000,0x0000000e23900000)]
  0x000001e52d8e1600 JavaThread "ForkJoinPool.commonPool-worker-97" daemon [_thread_blocked, id=5712, stack(0x0000000e25000000,0x0000000e25100000)]
  0x000001e52d8e61f0 JavaThread "ForkJoinPool.commonPool-worker-98" daemon [_thread_blocked, id=12920, stack(0x0000000e25400000,0x0000000e25500000)]

Other Threads:
  0x000001e514789b40 VMThread "VM Thread" [stack: 0x0000000e23b00000,0x0000000e23c00000] [id=5684]
  0x000001e52d8b39e0 WatcherThread [stack: 0x0000000e24700000,0x0000000e24800000] [id=820]
  0x000001e5146f2420 GCTaskThread "GC Thread#0" [stack: 0x0000000e23a00000,0x0000000e23b00000] [id=8532]
  0x000001e52df68040 GCTaskThread "GC Thread#1" [stack: 0x0000000e24800000,0x0000000e24900000] [id=11932]
=>0x000001e52df68b10 GCTaskThread "GC Thread#2" [stack: 0x0000000e24900000,0x0000000e24a00000] [id=3948]
  0x000001e52df68dd0 GCTaskThread "GC Thread#3" [stack: 0x0000000e24a00000,0x0000000e24b00000] [id=3876]

Threads with active compile tasks:
C2 CompilerThread0  249872035 39272       4       org.eclipse.jdt.internal.compiler.codegen.BranchLabel::place (381 bytes)
C1 CompilerThread0  249872035 39273       2       org.eclipse.jdt.internal.compiler.codegen.CodeStream::addLabel (57 bytes)

VM state: at safepoint (normal execution)

VM Mutex/Monitor currently owned by a thread:  ([mutex/lock_event])
[0x000001e5146d6e10] Threads_lock - owner thread: 0x000001e514789b40
[0x000001e5146d7170] Heap_lock - owner thread: 0x000001e52d8e5ce0

Heap address: 0x00000000c0000000, size: 1024 MB, Compressed Oops mode: 32-bit

CDS archive(s) not mapped
Compressed class space mapped at: 0x0000000100000000-0x0000000140000000, reserved size: 1073741824
Narrow klass base: 0x0000000000000000, Narrow klass shift: 3, Narrow klass range: 0x140000000

GC Precious Log:
 CPUs: 4 total, 4 available
 Memory: 8104M
 Large Page Support: Disabled
 NUMA Support: Disabled
 Compressed Oops: Enabled (32-bit)
 Alignments: Space 512K, Generation 512K, Heap 2M
 Heap Min Capacity: 100M
 Heap Initial Capacity: 100M
 Heap Max Capacity: 1G
 Pre-touch: Disabled
 Parallel Workers: 4

Heap:
 PSYoungGen      total 2560K, used 512K [0x00000000eab00000, 0x00000000eb000000, 0x0000000100000000)
  eden space 2048K, 0% used [0x00000000eab00000,0x00000000eab00000,0x00000000ead00000)
  from space 512K, 100% used [0x00000000eae80000,0x00000000eaf00000,0x00000000eaf00000)
  to   space 1536K, 0% used [0x00000000ead00000,0x00000000ead00000,0x00000000eae80000)
 ParOldGen       total 321024K, used 320985K [0x00000000c0000000, 0x00000000d3980000, 0x00000000eab00000)
  object space 321024K, 99% used [0x00000000c0000000,0x00000000d3976588,0x00000000d3980000)
 Metaspace       used 108931K, committed 110336K, reserved 1179648K
  class space    used 10521K, committed 11200K, reserved 1048576K

Card table byte_map: [0x000001e514070000,0x000001e514280000] _byte_map_base: 0x000001e513a70000

Marking Bits: (ParMarkBitMap*) 0x00007fffc5d583a0
 Begin Bits: [0x000001e526350000, 0x000001e527350000)
 End Bits:   [0x000001e527350000, 0x000001e528350000)

Polling page: 0x000001e5124d0000

Metaspace:

Usage:
  Non-class:     96.10 MB used.
      Class:     10.27 MB used.
       Both:    106.38 MB used.

Virtual space:
  Non-class space:      128.00 MB reserved,      96.81 MB ( 76%) committed,  2 nodes.
      Class space:        1.00 GB reserved,      10.94 MB (  1%) committed,  1 nodes.
             Both:        1.12 GB reserved,     107.75 MB (  9%) committed. 

Chunk freelists:
   Non-Class:  14.50 MB
       Class:  4.99 MB
        Both:  19.49 MB

MaxMetaspaceSize: unlimited
CompressedClassSpaceSize: 1.00 GB
Initial GC threshold: 21.00 MB
Current GC threshold: 179.38 MB
CDS: off
MetaspaceReclaimPolicy: balanced
 - commit_granule_bytes: 65536.
 - commit_granule_words: 8192.
 - virtual_space_node_default_size: 8388608.
 - enlarge_chunks_in_place: 1.
 - new_chunks_are_fully_committed: 0.
 - uncommit_free_chunks: 1.
 - use_allocation_guard: 0.
 - handle_deallocations: 1.


Internal statistics:

num_allocs_failed_limit: 6.
num_arena_births: 1972.
num_arena_deaths: 958.
num_vsnodes_births: 3.
num_vsnodes_deaths: 0.
num_space_committed: 1724.
num_space_uncommitted: 0.
num_chunks_returned_to_freelist: 1239.
num_chunks_taken_from_freelist: 7358.
num_chunk_merges: 358.
num_chunk_splits: 3994.
num_chunks_enlarged: 2061.
num_inconsistent_stats: 0.

CodeHeap 'non-profiled nmethods': size=120000Kb used=43250Kb max_used=44247Kb free=76749Kb
 bounds [0x000001e51ee20000, 0x000001e521970000, 0x000001e526350000]
CodeHeap 'profiled nmethods': size=120000Kb used=49312Kb max_used=50576Kb free=70687Kb
 bounds [0x000001e517350000, 0x000001e51a4f0000, 0x000001e51e880000]
CodeHeap 'non-nmethods': size=5760Kb used=1460Kb max_used=1564Kb free=4299Kb
 bounds [0x000001e51e880000, 0x000001e51eaf0000, 0x000001e51ee20000]
 total_blobs=26052 nmethods=25237 adapters=725
 compilation: enabled
              stopped_count=0, restarted_count=0
 full_count=0

Compilation events (20 events):
Event: 89335.099 Thread 0x000001e528529490 39263   !   4       org.eclipse.jdt.internal.core.builder.ClasspathJar::scanContent (89 bytes)
Event: 89335.393 Thread 0x000001e528529490 nmethod 39263 0x000001e520778c10 code [0x000001e520778e40, 0x000001e5207797c0]
Event: 89335.433 Thread 0x000001e52854e060 39264       3       org.eclipse.jdt.internal.core.builder.IncrementalImageBuilder::cleanUp (40 bytes)
Event: 89335.433 Thread 0x000001e52854e060 nmethod 39264 0x000001e518d77810 code [0x000001e518d779a0, 0x000001e518d77b68]
Event: 89335.441 Thread 0x000001e528529490 39265       4       org.eclipse.m2e.core.internal.builder.MavenBuilderImpl$$Lambda$992/0x0000000100817118::visit (17 bytes)
Event: 89335.460 Thread 0x000001e528529490 nmethod 39265 0x000001e51f6adf90 code [0x000001e51f6ae1c0, 0x000001e51f6aec50]
Event: 89335.460 Thread 0x000001e528529490 39266       4       org.codehaus.plexus.component.configurator.converters.basic.BooleanConverter::fromString (5 bytes)
Event: 89335.475 Thread 0x000001e528529490 nmethod 39266 0x000001e51fdb2110 code [0x000001e51fdb22e0, 0x000001e51fdb29b8]
Event: 89335.982 Thread 0x000001e528529490 39267       4       java.lang.String::lastIndexOf (10 bytes)
Event: 89335.986 Thread 0x000001e528529490 nmethod 39267 0x000001e52038af10 code [0x000001e52038b0a0, 0x000001e52038b3f8]
Event: 89384.149 Thread 0x000001e52854e060 39268       3       org.eclipse.jdt.internal.core.builder.IncrementalImageBuilder::incrementalBuildLoop (116 bytes)
Event: 89384.151 Thread 0x000001e52854e060 nmethod 39268 0x000001e51948d990 code [0x000001e51948dc60, 0x000001e51948eb08]
Event: 89384.151 Thread 0x000001e52854e060 39269       3       org.eclipse.core.internal.events.BuildManager::endTopLevel (9 bytes)
Event: 89384.151 Thread 0x000001e52854e060 nmethod 39269 0x000001e518d88f10 code [0x000001e518d890c0, 0x000001e518d89208]
Event: 89423.620 Thread 0x000001e52854e060 39270       3       org.eclipse.core.internal.dtree.DeltaDataTree::forwardDeltaWith (150 bytes)
Event: 89423.622 Thread 0x000001e52854e060 nmethod 39270 0x000001e518a01d90 code [0x000001e518a021e0, 0x000001e518a04108]
Event: 249869.471 Thread 0x000001e528529490 39271       4       org.eclipse.jdt.internal.compiler.ast.ASTNode::isMethodUseDeprecated (193 bytes)
Event: 249869.479 Thread 0x000001e528529490 nmethod 39271 0x000001e51fc78390 code [0x000001e51fc78540, 0x000001e51fc78808]
Event: 249871.966 Thread 0x000001e528529490 39272       4       org.eclipse.jdt.internal.compiler.codegen.BranchLabel::place (381 bytes)
Event: 249871.966 Thread 0x000001e52854e060 39273       2       org.eclipse.jdt.internal.compiler.codegen.CodeStream::addLabel (57 bytes)

GC Heap History (20 events):
Event: 249871.080 GC heap after
{Heap after GC invocations=39398 (full 764):
 PSYoungGen      total 3072K, used 480K [0x00000000eab00000, 0x00000000eaf00000, 0x0000000100000000)
  eden space 2048K, 0% used [0x00000000eab00000,0x00000000eab00000,0x00000000ead00000)
  from space 1024K, 46% used [0x00000000ead00000,0x00000000ead78000,0x00000000eae00000)
  to   space 1024K, 0% used [0x00000000eae00000,0x00000000eae00000,0x00000000eaf00000)
 ParOldGen       total 318464K, used 308233K [0x00000000c0000000, 0x00000000d3700000, 0x00000000eab00000)
  object space 318464K, 96% used [0x00000000c0000000,0x00000000d2d026d8,0x00000000d3700000)
 Metaspace       used 108931K, committed 110336K, reserved 1179648K
  class space    used 10521K, committed 11200K, reserved 1048576K
}
Event: 249871.089 GC heap before
{Heap before GC invocations=39399 (full 764):
 PSYoungGen      total 3072K, used 2528K [0x00000000eab00000, 0x00000000eaf00000, 0x0000000100000000)
  eden space 2048K, 100% used [0x00000000eab00000,0x00000000ead00000,0x00000000ead00000)
  from space 1024K, 46% used [0x00000000ead00000,0x00000000ead78000,0x00000000eae00000)
  to   space 1024K, 0% used [0x00000000eae00000,0x00000000eae00000,0x00000000eaf00000)
 ParOldGen       total 318464K, used 308233K [0x00000000c0000000, 0x00000000d3700000, 0x00000000eab00000)
  object space 318464K, 96% used [0x00000000c0000000,0x00000000d2d026d8,0x00000000d3700000)
 Metaspace       used 108931K, committed 110336K, reserved 1179648K
  class space    used 10521K, committed 11200K, reserved 1048576K
}
Event: 249871.091 GC heap after
{Heap after GC invocations=39399 (full 764):
 PSYoungGen      total 3072K, used 832K [0x00000000eab00000, 0x00000000eaf00000, 0x0000000100000000)
  eden space 2048K, 0% used [0x00000000eab00000,0x00000000eab00000,0x00000000ead00000)
  from space 1024K, 81% used [0x00000000eae00000,0x00000000eaed0000,0x00000000eaf00000)
  to   space 1024K, 0% used [0x00000000ead00000,0x00000000ead00000,0x00000000eae00000)
 ParOldGen       total 318464K, used 308580K [0x00000000c0000000, 0x00000000d3700000, 0x00000000eab00000)
  object space 318464K, 96% used [0x00000000c0000000,0x00000000d2d592d0,0x00000000d3700000)
 Metaspace       used 108931K, committed 110336K, reserved 1179648K
  class space    used 10521K, committed 11200K, reserved 1048576K
}
Event: 249871.107 GC heap before
{Heap before GC invocations=39400 (full 764):
 PSYoungGen      total 3072K, used 2878K [0x00000000eab00000, 0x00000000eaf00000, 0x0000000100000000)
  eden space 2048K, 99% used [0x00000000eab00000,0x00000000eacff8e0,0x00000000ead00000)
  from space 1024K, 81% used [0x00000000eae00000,0x00000000eaed0000,0x00000000eaf00000)
  to   space 1024K, 0% used [0x00000000ead00000,0x00000000ead00000,0x00000000eae00000)
 ParOldGen       total 318464K, used 311005K [0x00000000c0000000, 0x00000000d3700000, 0x00000000eab00000)
  object space 318464K, 97% used [0x00000000c0000000,0x00000000d2fb7520,0x00000000d3700000)
 Metaspace       used 108931K, committed 110336K, reserved 1179648K
  class space    used 10521K, committed 11200K, reserved 1048576K
}
Event: 249871.110 GC heap after
{Heap after GC invocations=39400 (full 764):
 PSYoungGen      total 3072K, used 885K [0x00000000eab00000, 0x00000000eaf00000, 0x0000000100000000)
  eden space 2048K, 0% used [0x00000000eab00000,0x00000000eab00000,0x00000000ead00000)
  from space 1024K, 86% used [0x00000000ead00000,0x00000000eaddd7f8,0x00000000eae00000)
  to   space 1024K, 0% used [0x00000000eae00000,0x00000000eae00000,0x00000000eaf00000)
 ParOldGen       total 318464K, used 311773K [0x00000000c0000000, 0x00000000d3700000, 0x00000000eab00000)
  object space 318464K, 97% used [0x00000000c0000000,0x00000000d3077558,0x00000000d3700000)
 Metaspace       used 108931K, committed 110336K, reserved 1179648K
  class space    used 10521K, committed 11200K, reserved 1048576K
}
Event: 249871.741 GC heap before
{Heap before GC invocations=39401 (full 764):
 PSYoungGen      total 3072K, used 2933K [0x00000000eab00000, 0x00000000eaf00000, 0x0000000100000000)
  eden space 2048K, 100% used [0x00000000eab00000,0x00000000ead00000,0x00000000ead00000)
  from space 1024K, 86% used [0x00000000ead00000,0x00000000eaddd7f8,0x00000000eae00000)
  to   space 1024K, 0% used [0x00000000eae00000,0x00000000eae00000,0x00000000eaf00000)
 ParOldGen       total 318464K, used 311773K [0x00000000c0000000, 0x00000000d3700000, 0x00000000eab00000)
  object space 318464K, 97% used [0x00000000c0000000,0x00000000d3077558,0x00000000d3700000)
 Metaspace       used 108931K, committed 110336K, reserved 1179648K
  class space    used 10521K, committed 11200K, reserved 1048576K
}
Event: 249871.743 GC heap after
{Heap after GC invocations=39401 (full 764):
 PSYoungGen      total 3072K, used 592K [0x00000000eab00000, 0x00000000eaf00000, 0x0000000100000000)
  eden space 2048K, 0% used [0x00000000eab00000,0x00000000eab00000,0x00000000ead00000)
  from space 1024K, 57% used [0x00000000eae00000,0x00000000eae94010,0x00000000eaf00000)
  to   space 1024K, 0% used [0x00000000ead00000,0x00000000ead00000,0x00000000eae00000)
 ParOldGen       total 318464K, used 312409K [0x00000000c0000000, 0x00000000d3700000, 0x00000000eab00000)
  object space 318464K, 98% used [0x00000000c0000000,0x00000000d3116568,0x00000000d3700000)
 Metaspace       used 108931K, committed 110336K, reserved 1179648K
  class space    used 10521K, committed 11200K, reserved 1048576K
}
Event: 249871.755 GC heap before
{Heap before GC invocations=39402 (full 764):
 PSYoungGen      total 3072K, used 2640K [0x00000000eab00000, 0x00000000eaf00000, 0x0000000100000000)
  eden space 2048K, 100% used [0x00000000eab00000,0x00000000ead00000,0x00000000ead00000)
  from space 1024K, 57% used [0x00000000eae00000,0x00000000eae94010,0x00000000eaf00000)
  to   space 1024K, 0% used [0x00000000ead00000,0x00000000ead00000,0x00000000eae00000)
 ParOldGen       total 318464K, used 312409K [0x00000000c0000000, 0x00000000d3700000, 0x00000000eab00000)
  object space 318464K, 98% used [0x00000000c0000000,0x00000000d3116568,0x00000000d3700000)
 Metaspace       used 108931K, committed 110336K, reserved 1179648K
  class space    used 10521K, committed 11200K, reserved 1048576K
}
Event: 249871.757 GC heap after
{Heap after GC invocations=39402 (full 764):
 PSYoungGen      total 3072K, used 768K [0x00000000eab00000, 0x00000000eaf00000, 0x0000000100000000)
  eden space 2048K, 0% used [0x00000000eab00000,0x00000000eab00000,0x00000000ead00000)
  from space 1024K, 75% used [0x00000000ead00000,0x00000000eadc0000,0x00000000eae00000)
  to   space 1024K, 0% used [0x00000000eae00000,0x00000000eae00000,0x00000000eaf00000)
 ParOldGen       total 318464K, used 312942K [0x00000000c0000000, 0x00000000d3700000, 0x00000000eab00000)
  object space 318464K, 98% used [0x00000000c0000000,0x00000000d319ba00,0x00000000d3700000)
 Metaspace       used 108931K, committed 110336K, reserved 1179648K
  class space    used 10521K, committed 11200K, reserved 1048576K
}
Event: 249871.901 GC heap before
{Heap before GC invocations=39403 (full 764):
 PSYoungGen      total 3072K, used 2804K [0x00000000eab00000, 0x00000000eaf00000, 0x0000000100000000)
  eden space 2048K, 99% used [0x00000000eab00000,0x00000000eacfd100,0x00000000ead00000)
  from space 1024K, 75% used [0x00000000ead00000,0x00000000eadc0000,0x00000000eae00000)
  to   space 1024K, 0% used [0x00000000eae00000,0x00000000eae00000,0x00000000eaf00000)
 ParOldGen       total 318464K, used 315367K [0x00000000c0000000, 0x00000000d3700000, 0x00000000eab00000)
  object space 318464K, 99% used [0x00000000c0000000,0x00000000d33f9c50,0x00000000d3700000)
 Metaspace       used 108931K, committed 110336K, reserved 1179648K
  class space    used 10521K, committed 11200K, reserved 1048576K
}
Event: 249871.903 GC heap after
{Heap after GC invocations=39403 (full 764):
 PSYoungGen      total 2560K, used 320K [0x00000000eab00000, 0x00000000eae80000, 0x0000000100000000)
  eden space 2048K, 0% used [0x00000000eab00000,0x00000000eab00000,0x00000000ead00000)
  from space 512K, 62% used [0x00000000eae00000,0x00000000eae50000,0x00000000eae80000)
  to   space 512K, 0% used [0x00000000ead80000,0x00000000ead80000,0x00000000eae00000)
 ParOldGen       total 318464K, used 316082K [0x00000000c0000000, 0x00000000d3700000, 0x00000000eab00000)
  object space 318464K, 99% used [0x00000000c0000000,0x00000000d34aca98,0x00000000d3700000)
 Metaspace       used 108931K, committed 110336K, reserved 1179648K
  class space    used 10521K, committed 11200K, reserved 1048576K
}
Event: 249871.913 GC heap before
{Heap before GC invocations=39404 (full 764):
 PSYoungGen      total 2560K, used 2368K [0x00000000eab00000, 0x00000000eae80000, 0x0000000100000000)
  eden space 2048K, 100% used [0x00000000eab00000,0x00000000ead00000,0x00000000ead00000)
  from space 512K, 62% used [0x00000000eae00000,0x00000000eae50000,0x00000000eae80000)
  to   space 512K, 0% used [0x00000000ead80000,0x00000000ead80000,0x00000000eae00000)
 ParOldGen       total 318464K, used 316082K [0x00000000c0000000, 0x00000000d3700000, 0x00000000eab00000)
  object space 318464K, 99% used [0x00000000c0000000,0x00000000d34aca98,0x00000000d3700000)
 Metaspace       used 108931K, committed 110336K, reserved 1179648K
  class space    used 10521K, committed 11200K, reserved 1048576K
}
Event: 249871.916 GC heap after
{Heap after GC invocations=39404 (full 764):
 PSYoungGen      total 2560K, used 512K [0x00000000eab00000, 0x00000000eb000000, 0x0000000100000000)
  eden space 2048K, 0% used [0x00000000eab00000,0x00000000eab00000,0x00000000ead00000)
  from space 512K, 100% used [0x00000000ead80000,0x00000000eae00000,0x00000000eae00000)
  to   space 1536K, 0% used [0x00000000eae80000,0x00000000eae80000,0x00000000eb000000)
 ParOldGen       total 318464K, used 316668K [0x00000000c0000000, 0x00000000d3700000, 0x00000000eab00000)
  object space 318464K, 99% used [0x00000000c0000000,0x00000000d353f3a0,0x00000000d3700000)
 Metaspace       used 108931K, committed 110336K, reserved 1179648K
  class space    used 10521K, committed 11200K, reserved 1048576K
}
Event: 249871.938 GC heap before
{Heap before GC invocations=39405 (full 764):
 PSYoungGen      total 2560K, used 2543K [0x00000000eab00000, 0x00000000eb000000, 0x0000000100000000)
  eden space 2048K, 99% used [0x00000000eab00000,0x00000000eacfbe10,0x00000000ead00000)
  from space 512K, 100% used [0x00000000ead80000,0x00000000eae00000,0x00000000eae00000)
  to   space 1536K, 0% used [0x00000000eae80000,0x00000000eae80000,0x00000000eb000000)
 ParOldGen       total 321024K, used 319093K [0x00000000c0000000, 0x00000000d3980000, 0x00000000eab00000)
  object space 321024K, 99% used [0x00000000c0000000,0x00000000d379d5f0,0x00000000d3980000)
 Metaspace       used 108931K, committed 110336K, reserved 1179648K
  class space    used 10521K, committed 11200K, reserved 1048576K
}
Event: 249871.941 GC heap after
{Heap after GC invocations=39405 (full 764):
 PSYoungGen      total 3072K, used 903K [0x00000000eab00000, 0x00000000eaf80000, 0x0000000100000000)
  eden space 2048K, 0% used [0x00000000eab00000,0x00000000eab00000,0x00000000ead00000)
  from space 1024K, 88% used [0x00000000eae80000,0x00000000eaf61cf8,0x00000000eaf80000)
  to   space 1024K, 0% used [0x00000000ead80000,0x00000000ead80000,0x00000000eae80000)
 ParOldGen       total 321024K, used 319617K [0x00000000c0000000, 0x00000000d3980000, 0x00000000eab00000)
  object space 321024K, 99% used [0x00000000c0000000,0x00000000d3820448,0x00000000d3980000)
 Metaspace       used 108931K, committed 110336K, reserved 1179648K
  class space    used 10521K, committed 11200K, reserved 1048576K
}
Event: 249871.953 GC heap before
{Heap before GC invocations=39406 (full 764):
 PSYoungGen      total 3072K, used 2951K [0x00000000eab00000, 0x00000000eaf80000, 0x0000000100000000)
  eden space 2048K, 100% used [0x00000000eab00000,0x00000000ead00000,0x00000000ead00000)
  from space 1024K, 88% used [0x00000000eae80000,0x00000000eaf61cf8,0x00000000eaf80000)
  to   space 1024K, 0% used [0x00000000ead80000,0x00000000ead80000,0x00000000eae80000)
 ParOldGen       total 321024K, used 319617K [0x00000000c0000000, 0x00000000d3980000, 0x00000000eab00000)
  object space 321024K, 99% used [0x00000000c0000000,0x00000000d3820448,0x00000000d3980000)
 Metaspace       used 108931K, committed 110336K, reserved 1179648K
  class space    used 10521K, committed 11200K, reserved 1048576K
}
Event: 249871.955 GC heap after
{Heap after GC invocations=39406 (full 764):
 PSYoungGen      total 3072K, used 656K [0x00000000eab00000, 0x00000000eaf00000, 0x0000000100000000)
  eden space 2048K, 0% used [0x00000000eab00000,0x00000000eab00000,0x00000000ead00000)
  from space 1024K, 64% used [0x00000000ead80000,0x00000000eae24010,0x00000000eae80000)
  to   space 512K, 0% used [0x00000000eae80000,0x00000000eae80000,0x00000000eaf00000)
 ParOldGen       total 321024K, used 320183K [0x00000000c0000000, 0x00000000d3980000, 0x00000000eab00000)
  object space 321024K, 99% used [0x00000000c0000000,0x00000000d38ade10,0x00000000d3980000)
 Metaspace       used 108931K, committed 110336K, reserved 1179648K
  class space    used 10521K, committed 11200K, reserved 1048576K
}
Event: 249871.967 GC heap before
{Heap before GC invocations=39407 (full 764):
 PSYoungGen      total 3072K, used 2704K [0x00000000eab00000, 0x00000000eaf00000, 0x0000000100000000)
  eden space 2048K, 100% used [0x00000000eab00000,0x00000000ead00000,0x00000000ead00000)
  from space 1024K, 64% used [0x00000000ead80000,0x00000000eae24010,0x00000000eae80000)
  to   space 512K, 0% used [0x00000000eae80000,0x00000000eae80000,0x00000000eaf00000)
 ParOldGen       total 321024K, used 320183K [0x00000000c0000000, 0x00000000d3980000, 0x00000000eab00000)
  object space 321024K, 99% used [0x00000000c0000000,0x00000000d38ade10,0x00000000d3980000)
 Metaspace       used 108931K, committed 110336K, reserved 1179648K
  class space    used 10521K, committed 11200K, reserved 1048576K
}
Event: 249871.969 GC heap after
{Heap after GC invocations=39407 (full 764):
 PSYoungGen      total 2560K, used 512K [0x00000000eab00000, 0x00000000eb000000, 0x0000000100000000)
  eden space 2048K, 0% used [0x00000000eab00000,0x00000000eab00000,0x00000000ead00000)
  from space 512K, 100% used [0x00000000eae80000,0x00000000eaf00000,0x00000000eaf00000)
  to   space 1536K, 0% used [0x00000000ead00000,0x00000000ead00000,0x00000000eae80000)
 ParOldGen       total 321024K, used 320985K [0x00000000c0000000, 0x00000000d3980000, 0x00000000eab00000)
  object space 321024K, 99% used [0x00000000c0000000,0x00000000d3976588,0x00000000d3980000)
 Metaspace       used 108931K, committed 110336K, reserved 1179648K
  class space    used 10521K, committed 11200K, reserved 1048576K
}
Event: 249871.969 GC heap before
{Heap before GC invocations=39408 (full 765):
 PSYoungGen      total 2560K, used 512K [0x00000000eab00000, 0x00000000eb000000, 0x0000000100000000)
  eden space 2048K, 0% used [0x00000000eab00000,0x00000000eab00000,0x00000000ead00000)
  from space 512K, 100% used [0x00000000eae80000,0x00000000eaf00000,0x00000000eaf00000)
  to   space 1536K, 0% used [0x00000000ead00000,0x00000000ead00000,0x00000000eae80000)
 ParOldGen       total 321024K, used 320985K [0x00000000c0000000, 0x00000000d3980000, 0x00000000eab00000)
  object space 321024K, 99% used [0x00000000c0000000,0x00000000d3976588,0x00000000d3980000)
 Metaspace       used 108931K, committed 110336K, reserved 1179648K
  class space    used 10521K, committed 11200K, reserved 1048576K
}

Dll operation events (13 events):
Event: 0.013 Loaded shared library c:\Users\LEONI\.vscode\extensions\redhat.java-1.24.0-win32-x64\jre\17.0.8.1-win32-x86_64\bin\java.dll
Event: 0.377 Loaded shared library c:\Users\LEONI\.vscode\extensions\redhat.java-1.24.0-win32-x64\jre\17.0.8.1-win32-x86_64\bin\zip.dll
Event: 0.382 Loaded shared library C:\Users\LEONI\.vscode\extensions\redhat.java-1.24.0-win32-x64\jre\17.0.8.1-win32-x86_64\bin\instrument.dll
Event: 0.421 Loaded shared library C:\Users\LEONI\.vscode\extensions\redhat.java-1.24.0-win32-x64\jre\17.0.8.1-win32-x86_64\bin\net.dll
Event: 0.428 Loaded shared library C:\Users\LEONI\.vscode\extensions\redhat.java-1.24.0-win32-x64\jre\17.0.8.1-win32-x86_64\bin\nio.dll
Event: 0.445 Loaded shared library C:\Users\LEONI\.vscode\extensions\redhat.java-1.24.0-win32-x64\jre\17.0.8.1-win32-x86_64\bin\zip.dll
Event: 0.473 Loaded shared library C:\Users\LEONI\.vscode\extensions\redhat.java-1.24.0-win32-x64\jre\17.0.8.1-win32-x86_64\bin\jimage.dll
Event: 0.624 Loaded shared library c:\Users\LEONI\.vscode\extensions\redhat.java-1.24.0-win32-x64\jre\17.0.8.1-win32-x86_64\bin\verify.dll
Event: 6.236 Loaded shared library C:\Users\LEONI\AppData\Roaming\Code\User\globalStorage\redhat.java\1.24.0\config_win\org.eclipse.equinox.launcher\org.eclipse.equinox.launcher.win32.win32.x86_64_1.2.700.v20221108-1024\eclipse_11801.dll
Event: 17.896 Loaded shared library C:\Users\LEONI\.vscode\extensions\redhat.java-1.24.0-win32-x64\jre\17.0.8.1-win32-x86_64\bin\management.dll
Event: 17.902 Loaded shared library C:\Users\LEONI\.vscode\extensions\redhat.java-1.24.0-win32-x64\jre\17.0.8.1-win32-x86_64\bin\management_ext.dll
Event: 20.079 Loaded shared library C:\Users\LEONI\AppData\Local\Temp\jna-72321585\jna18430545056642306579.dll
Event: 1179.290 Loaded shared library C:\Users\LEONI\.vscode\extensions\redhat.java-1.24.0-win32-x64\jre\17.0.8.1-win32-x86_64\bin\sunmscapi.dll

Deoptimization events (20 events):
Event: 89194.380 Thread 0x000001e52d8e4390 Uncommon trap: trap_request=0xffffffbe fr.pc=0x000001e51f360a44 relative=0x00000000000017c4
Event: 89194.380 Thread 0x000001e52d8e4390 Uncommon trap: reason=profile_predicate action=maybe_recompile pc=0x000001e51f360a44 method=org.eclipse.jdt.internal.compiler.ast.TypeDeclaration.updateSupertypesWithAnnotations(Ljava/util/Map;)V @ 146 c2
Event: 89194.380 Thread 0x000001e52d8e4390 DEOPT PACKING pc=0x000001e51f360a44 sp=0x0000000e260fe6b0
Event: 89194.380 Thread 0x000001e52d8e4390 DEOPT UNPACKING pc=0x000001e51e8d66a3 sp=0x0000000e260fe690 mode 2
Event: 89194.403 Thread 0x000001e52d8e7120 Uncommon trap: trap_request=0xffffffbe fr.pc=0x000001e51f360a44 relative=0x00000000000017c4
Event: 89194.403 Thread 0x000001e52d8e7120 Uncommon trap: reason=profile_predicate action=maybe_recompile pc=0x000001e51f360a44 method=org.eclipse.jdt.internal.compiler.ast.TypeDeclaration.updateSupertypesWithAnnotations(Ljava/util/Map;)V @ 146 c2
Event: 89194.403 Thread 0x000001e52d8e7120 DEOPT PACKING pc=0x000001e51f360a44 sp=0x0000000e254feaf0
Event: 89194.403 Thread 0x000001e52d8e7120 DEOPT UNPACKING pc=0x000001e51e8d66a3 sp=0x0000000e254fead0 mode 2
Event: 89194.417 Thread 0x000001e52d8e7120 Uncommon trap: trap_request=0xffffffbe fr.pc=0x000001e51f360a44 relative=0x00000000000017c4
Event: 89194.417 Thread 0x000001e52d8e7120 Uncommon trap: reason=profile_predicate action=maybe_recompile pc=0x000001e51f360a44 method=org.eclipse.jdt.internal.compiler.ast.TypeDeclaration.updateSupertypesWithAnnotations(Ljava/util/Map;)V @ 146 c2
Event: 89194.417 Thread 0x000001e52d8e7120 DEOPT PACKING pc=0x000001e51f360a44 sp=0x0000000e254fe8a0
Event: 89194.417 Thread 0x000001e52d8e7120 DEOPT UNPACKING pc=0x000001e51e8d66a3 sp=0x0000000e254fe880 mode 2
Event: 89292.030 Thread 0x000001e52d8e2f50 Uncommon trap: trap_request=0xfffffff4 fr.pc=0x000001e520e0354c relative=0x00000000000004cc
Event: 89292.030 Thread 0x000001e52d8e2f50 Uncommon trap: reason=null_check action=make_not_entrant pc=0x000001e520e0354c method=org.eclipse.jdt.ls.core.internal.JDTUtils.resolveCompilationUnit(Ljava/net/URI;)Lorg/eclipse/jdt/core/ICompilationUnit; @ 47 c2
Event: 89292.030 Thread 0x000001e52d8e2f50 DEOPT PACKING pc=0x000001e520e0354c sp=0x0000000e256ff0b0
Event: 89292.030 Thread 0x000001e52d8e2f50 DEOPT UNPACKING pc=0x000001e51e8d66a3 sp=0x0000000e256fefc8 mode 2
Event: 89292.031 Thread 0x000001e52d8e2f50 Uncommon trap: trap_request=0xfffffff4 fr.pc=0x000001e51fbaa968 relative=0x0000000000000388
Event: 89292.031 Thread 0x000001e52d8e2f50 Uncommon trap: reason=null_check action=make_not_entrant pc=0x000001e51fbaa968 method=org.eclipse.jdt.ls.core.internal.JDTUtils.resolveCompilationUnit(Ljava/net/URI;)Lorg/eclipse/jdt/core/ICompilationUnit; @ 47 c2
Event: 89292.031 Thread 0x000001e52d8e2f50 DEOPT PACKING pc=0x000001e51fbaa968 sp=0x0000000e256ff000
Event: 89292.031 Thread 0x000001e52d8e2f50 DEOPT UNPACKING pc=0x000001e51e8d66a3 sp=0x0000000e256fefb8 mode 2

Classes unloaded (20 events):
Event: 85031.672 Thread 0x000001e514789b40 Unloading class 0x0000000100aeb800 'jdk/internal/reflect/GeneratedConstructorAccessor108'
Event: 85031.672 Thread 0x000001e514789b40 Unloading class 0x0000000100af0400 'jdk/internal/reflect/GeneratedConstructorAccessor107'
Event: 85031.672 Thread 0x000001e514789b40 Unloading class 0x0000000100ae5800 'jdk/internal/reflect/GeneratedConstructorAccessor106'
Event: 85031.672 Thread 0x000001e514789b40 Unloading class 0x0000000100ae5400 'jdk/internal/reflect/GeneratedConstructorAccessor105'
Event: 85031.672 Thread 0x000001e514789b40 Unloading class 0x0000000100ae5000 'jdk/internal/reflect/GeneratedConstructorAccessor104'
Event: 85031.672 Thread 0x000001e514789b40 Unloading class 0x0000000100ae4c00 'jdk/internal/reflect/GeneratedConstructorAccessor103'
Event: 85031.672 Thread 0x000001e514789b40 Unloading class 0x0000000100ae4400 'jdk/internal/reflect/GeneratedConstructorAccessor100'
Event: 86579.897 Thread 0x000001e514789b40 Unloading class 0x0000000100ae7000 'java/lang/invoke/LambdaForm$MH+0x0000000100ae7000'
Event: 86579.897 Thread 0x000001e514789b40 Unloading class 0x000000010064d800 'java/lang/invoke/LambdaForm$MH+0x000000010064d800'
Event: 86579.897 Thread 0x000001e514789b40 Unloading class 0x00000001005a1000 'java/lang/invoke/LambdaForm$MH+0x00000001005a1000'
Event: 86579.897 Thread 0x000001e514789b40 Unloading class 0x0000000100ae3c00 'java/lang/invoke/LambdaForm$MH+0x0000000100ae3c00'
Event: 86579.897 Thread 0x000001e514789b40 Unloading class 0x0000000100216000 'java/lang/invoke/LambdaForm$MH+0x0000000100216000'
Event: 86579.897 Thread 0x000001e514789b40 Unloading class 0x0000000100650c00 'java/lang/invoke/LambdaForm$MH+0x0000000100650c00'
Event: 87701.348 Thread 0x000001e514789b40 Unloading class 0x0000000100ae7000 'jdk/internal/reflect/GeneratedConstructorAccessor115'
Event: 87701.348 Thread 0x000001e514789b40 Unloading class 0x0000000100268000 'jdk/internal/reflect/GeneratedConstructorAccessor101'
Event: 87701.348 Thread 0x000001e514789b40 Unloading class 0x00000001006c0800 'jdk/internal/reflect/GeneratedConstructorAccessor96'
Event: 89185.088 Thread 0x000001e514789b40 Unloading class 0x0000000100ae7800 'jdk/internal/reflect/GeneratedSerializationConstructorAccessor163'
Event: 89185.088 Thread 0x000001e514789b40 Unloading class 0x0000000100ae9400 'jdk/internal/reflect/GeneratedSerializationConstructorAccessor162'
Event: 89185.088 Thread 0x000001e514789b40 Unloading class 0x0000000100ae9000 'jdk/internal/reflect/GeneratedSerializationConstructorAccessor161'
Event: 89185.088 Thread 0x000001e514789b40 Unloading class 0x00000001006c0800 'jdk/internal/reflect/GeneratedSerializationConstructorAccessor160'

Classes redefined (0 events):
No events

Internal exceptions (20 events):
Event: 89129.575 Thread 0x000001e52d8e3970 Implicit null exception at 0x000001e52098dc2c to 0x000001e52098dc60
Event: 89129.583 Thread 0x000001e52d8e5ce0 Implicit null exception at 0x000001e51fbd7774 to 0x000001e51fbd97cc
Event: 89129.597 Thread 0x000001e52d8e5ce0 Implicit null exception at 0x000001e520921656 to 0x000001e520921adc
Event: 89129.601 Thread 0x000001e52d8e5ce0 Implicit null exception at 0x000001e5209a40e4 to 0x000001e5209a5180
Event: 89130.045 Thread 0x000001e52d8e4390 Implicit null exception at 0x000001e5214130b1 to 0x000001e521418375
Event: 89142.367 Thread 0x000001e52d8e4390 Implicit null exception at 0x000001e51f23604c to 0x000001e51f237394
Event: 89191.188 Thread 0x000001e52e39d4f0 Exception <a 'sun/nio/fs/WindowsException'{0x00000000eace3028}> (0x00000000eace3028) 
thrown [s\src\hotspot\share\prims\jni.cpp, line 516]
Event: 89191.349 Thread 0x000001e52e39d4f0 Exception <a 'sun/nio/fs/WindowsException'{0x00000000eaba8ff0}> (0x00000000eaba8ff0) 
thrown [s\src\hotspot\share\prims\jni.cpp, line 516]
Event: 89206.763 Thread 0x000001e52e39d4f0 Exception <a 'sun/nio/fs/WindowsException'{0x00000000eac847e8}> (0x00000000eac847e8) 
thrown [s\src\hotspot\share\prims\jni.cpp, line 516]
Event: 89206.934 Thread 0x000001e52e39d4f0 Exception <a 'sun/nio/fs/WindowsException'{0x00000000eab4c1f8}> (0x00000000eab4c1f8) 
thrown [s\src\hotspot\share\prims\jni.cpp, line 516]
Event: 89218.458 Thread 0x000001e52e39d4f0 Exception <a 'sun/nio/fs/WindowsException'{0x00000000eabd56b0}> (0x00000000eabd56b0) 
thrown [s\src\hotspot\share\prims\jni.cpp, line 516]
Event: 89218.630 Thread 0x000001e52e39d4f0 Exception <a 'sun/nio/fs/WindowsException'{0x00000000eab547b8}> (0x00000000eab547b8) 
thrown [s\src\hotspot\share\prims\jni.cpp, line 516]
Event: 89228.655 Thread 0x000001e52e39d4f0 Exception <a 'sun/nio/fs/WindowsException'{0x00000000eac6b238}> (0x00000000eac6b238) 
thrown [s\src\hotspot\share\prims\jni.cpp, line 516]
Event: 89228.823 Thread 0x000001e52e39d4f0 Exception <a 'sun/nio/fs/WindowsException'{0x00000000eab02f28}> (0x00000000eab02f28) 
thrown [s\src\hotspot\share\prims\jni.cpp, line 516]
Event: 89335.018 Thread 0x000001e52e39d4f0 Exception <a 'sun/nio/fs/WindowsException'{0x00000000eabab588}> (0x00000000eabab588) 
thrown [s\src\hotspot\share\prims\jni.cpp, line 516]
Event: 89335.475 Thread 0x000001e52e39d4f0 Exception <a 'sun/nio/fs/WindowsException'{0x00000000eac03990}> (0x00000000eac03990) 
thrown [s\src\hotspot\share\prims\jni.cpp, line 516]
Event: 89384.205 Thread 0x000001e52d8e7b40 Exception <a 'sun/nio/fs/WindowsException'{0x00000000eab75bc8}> (0x00000000eab75bc8) 
thrown [s\src\hotspot\share\prims\jni.cpp, line 516]
Event: 89384.205 Thread 0x000001e52d8e7b40 Exception <a 'sun/nio/fs/WindowsException'{0x00000000eab75ea8}> (0x00000000eab75ea8) 
thrown [s\src\hotspot\share\prims\jni.cpp, line 516]
Event: 89384.205 Thread 0x000001e52d8e7b40 Exception <a 'sun/nio/fs/WindowsException'{0x00000000eab76808}> (0x00000000eab76808) 
thrown [s\src\hotspot\share\prims\jni.cpp, line 516]
Event: 89384.205 Thread 0x000001e52d8e7b40 Exception <a 'sun/nio/fs/WindowsException'{0x00000000eab76ad8}> (0x00000000eab76ad8) 
thrown [s\src\hotspot\share\prims\jni.cpp, line 516]

VM Operations (20 events):
Event: 249870.347 Executing VM operation: ParallelGCFailedAllocation done
Event: 249871.078 Executing VM operation: ParallelGCFailedAllocation
Event: 249871.080 Executing VM operation: ParallelGCFailedAllocation done
Event: 249871.089 Executing VM operation: ParallelGCFailedAllocation
Event: 249871.091 Executing VM operation: ParallelGCFailedAllocation done
Event: 249871.107 Executing VM operation: ParallelGCFailedAllocation
Event: 249871.110 Executing VM operation: ParallelGCFailedAllocation done
Event: 249871.740 Executing VM operation: ParallelGCFailedAllocation
Event: 249871.743 Executing VM operation: ParallelGCFailedAllocation done
Event: 249871.755 Executing VM operation: ParallelGCFailedAllocation
Event: 249871.757 Executing VM operation: ParallelGCFailedAllocation done
Event: 249871.901 Executing VM operation: ParallelGCFailedAllocation
Event: 249871.903 Executing VM operation: ParallelGCFailedAllocation done
Event: 249871.913 Executing VM operation: ParallelGCFailedAllocation
Event: 249871.916 Executing VM operation: ParallelGCFailedAllocation done
Event: 249871.938 Executing VM operation: ParallelGCFailedAllocation
Event: 249871.941 Executing VM operation: ParallelGCFailedAllocation done
Event: 249871.953 Executing VM operation: ParallelGCFailedAllocation
Event: 249871.955 Executing VM operation: ParallelGCFailedAllocation done
Event: 249871.967 Executing VM operation: ParallelGCFailedAllocation

Events (20 events):
Event: 89423.618 Thread 0x000001e52d8e1600 Thread added: 0x000001e52d8e1600
Event: 89423.618 Thread 0x000001e52d8e4db0 Thread added: 0x000001e52d8e4db0
Event: 89423.618 Thread 0x000001e52d8e4db0 Thread exited: 0x000001e52d8e4db0
Event: 89423.618 Thread 0x000001e52d8e1600 Thread exited: 0x000001e52d8e1600
Event: 89423.618 Thread 0x000001e52d8e7b40 Thread exited: 0x000001e52d8e7b40
Event: 89444.119 Thread 0x000001e52d8e6700 Thread exited: 0x000001e52d8e6700
Event: 89474.104 Thread 0x000001e52d8e8a70 Thread exited: 0x000001e52d8e8a70
Event: 89474.111 Thread 0x000001e52d8e2f50 Thread exited: 0x000001e52d8e2f50
Event: 89534.122 Thread 0x000001e52d8e3460 Thread exited: 0x000001e52d8e3460
Event: 89594.136 Thread 0x000001e52d8e8560 Thread exited: 0x000001e52d8e8560
Event: 89654.148 Thread 0x000001e52d8e3970 Thread exited: 0x000001e52d8e3970
Event: 89714.180 Thread 0x000001e52d8e5ce0 Thread exited: 0x000001e52d8e5ce0
Event: 89774.187 Thread 0x000001e52d8e2530 Thread exited: 0x000001e52d8e2530
Event: 89834.191 Thread 0x000001e52d8e4390 Thread exited: 0x000001e52d8e4390
Event: 89894.197 Thread 0x000001e52d8e7120 Thread exited: 0x000001e52d8e7120
Event: 89954.199 Thread 0x000001e52d8e61f0 Thread exited: 0x000001e52d8e61f0
Event: 90014.200 Thread 0x000001e52d8e48a0 Thread exited: 0x000001e52d8e48a0
Event: 249867.688 Thread 0x000001e52d8e5ce0 Thread added: 0x000001e52d8e5ce0
Event: 249867.703 Thread 0x000001e52d8e1600 Thread added: 0x000001e52d8e1600
Event: 249868.273 Thread 0x000001e52d8e61f0 Thread added: 0x000001e52d8e61f0


Dynamic libraries:
0x00007ff7474a0000 - 0x00007ff7474ae000 	c:\Users\LEONI\.vscode\extensions\redhat.java-1.24.0-win32-x64\jre\17.0.8.1-win32-x86_64\bin\java.exe
0x00007ff80c1f0000 - 0x00007ff80c3e8000 	C:\WINDOWS\SYSTEM32\ntdll.dll
0x00007ff80add0000 - 0x00007ff80ae8d000 	C:\WINDOWS\System32\KERNEL32.DLL
0x00007ff8099d0000 - 0x00007ff809cc6000 	C:\WINDOWS\System32\KERNELBASE.dll
0x00007ff806780000 - 0x00007ff806810000 	C:\WINDOWS\SYSTEM32\apphelp.dll
0x00007ff8098d0000 - 0x00007ff8099d0000 	C:\WINDOWS\System32\ucrtbase.dll
0x00007ff803710000 - 0x00007ff803727000 	c:\Users\LEONI\.vscode\extensions\redhat.java-1.24.0-win32-x64\jre\17.0.8.1-win32-x86_64\bin\jli.dll
0x00007ff80b4e0000 - 0x00007ff80b67e000 	C:\WINDOWS\System32\USER32.dll
0x00007ff80a220000 - 0x00007ff80a242000 	C:\WINDOWS\System32\win32u.dll
0x00007ff80c170000 - 0x00007ff80c19c000 	C:\WINDOWS\System32\GDI32.dll
0x00007ff80a100000 - 0x00007ff80a21a000 	C:\WINDOWS\System32\gdi32full.dll
0x00007ff80a010000 - 0x00007ff80a0ad000 	C:\WINDOWS\System32\msvcp_win.dll
0x00007ff8036b0000 - 0x00007ff8036c9000 	c:\Users\LEONI\.vscode\extensions\redhat.java-1.24.0-win32-x64\jre\17.0.8.1-win32-x86_64\bin\VCRUNTIME140.dll
0x00007fffff620000 - 0x00007fffff8ba000 	C:\WINDOWS\WinSxS\amd64_microsoft.windows.common-controls_6595b64144ccf1df_6.0.19041.3636_none_60b6a03d71f818d5\COMCTL32.dll
0x00007ff80ae90000 - 0x00007ff80af2e000 	C:\WINDOWS\System32\msvcrt.dll
0x00007ff80ad40000 - 0x00007ff80ad70000 	C:\WINDOWS\System32\IMM32.DLL
0x00007ff804d50000 - 0x00007ff804d5c000 	c:\Users\LEONI\.vscode\extensions\redhat.java-1.24.0-win32-x64\jre\17.0.8.1-win32-x86_64\bin\vcruntime140_1.dll
0x00007ffff35e0000 - 0x00007ffff3671000 	c:\Users\LEONI\.vscode\extensions\redhat.java-1.24.0-win32-x64\jre\17.0.8.1-win32-x86_64\bin\msvcp140.dll
0x00007fffc51d0000 - 0x00007fffc5e1c000 	c:\Users\LEONI\.vscode\extensions\redhat.java-1.24.0-win32-x64\jre\17.0.8.1-win32-x86_64\bin\server\jvm.dll
0x00007ff80c0c0000 - 0x00007ff80c16f000 	C:\WINDOWS\System32\ADVAPI32.dll
0x00007ff80b440000 - 0x00007ff80b4dc000 	C:\WINDOWS\System32\sechost.dll
0x00007ff80b2e0000 - 0x00007ff80b406000 	C:\WINDOWS\System32\RPCRT4.dll
0x00007ff808e80000 - 0x00007ff808ecb000 	C:\WINDOWS\SYSTEM32\POWRPROF.dll
0x00007ff803c00000 - 0x00007ff803c09000 	C:\WINDOWS\SYSTEM32\WSOCK32.dll
0x00007ff80acd0000 - 0x00007ff80ad3b000 	C:\WINDOWS\System32\WS2_32.dll
0x00007ff801f10000 - 0x00007ff801f37000 	C:\WINDOWS\SYSTEM32\WINMM.dll
0x00007ff801b60000 - 0x00007ff801b6a000 	C:\WINDOWS\SYSTEM32\VERSION.dll
0x00007ff808cf0000 - 0x00007ff808d02000 	C:\WINDOWS\SYSTEM32\UMPDC.dll
0x00007ff807790000 - 0x00007ff8077a2000 	C:\WINDOWS\SYSTEM32\kernel.appcore.dll
0x00007ff8037f0000 - 0x00007ff8037fa000 	c:\Users\LEONI\.vscode\extensions\redhat.java-1.24.0-win32-x64\jre\17.0.8.1-win32-x86_64\bin\jimage.dll
0x00007ff8046b0000 - 0x00007ff804894000 	C:\WINDOWS\SYSTEM32\DBGHELP.DLL
0x00007ff804530000 - 0x00007ff804564000 	C:\WINDOWS\SYSTEM32\dbgcore.DLL
0x00007ff809ea0000 - 0x00007ff809f22000 	C:\WINDOWS\System32\bcryptPrimitives.dll
0x00007ff8037e0000 - 0x00007ff8037ee000 	c:\Users\LEONI\.vscode\extensions\redhat.java-1.24.0-win32-x64\jre\17.0.8.1-win32-x86_64\bin\instrument.dll
0x00007ffff3d00000 - 0x00007ffff3d25000 	c:\Users\LEONI\.vscode\extensions\redhat.java-1.24.0-win32-x64\jre\17.0.8.1-win32-x86_64\bin\java.dll
0x00007ff800bb0000 - 0x00007ff800bc8000 	c:\Users\LEONI\.vscode\extensions\redhat.java-1.24.0-win32-x64\jre\17.0.8.1-win32-x86_64\bin\zip.dll
0x00007ff80a460000 - 0x00007ff80aba4000 	C:\WINDOWS\System32\SHELL32.dll
0x00007ff807990000 - 0x00007ff80812b000 	C:\WINDOWS\SYSTEM32\windows.storage.dll
0x00007ff80bd00000 - 0x00007ff80c054000 	C:\WINDOWS\System32\combase.dll
0x00007ff809310000 - 0x00007ff80933d000 	C:\WINDOWS\SYSTEM32\Wldp.dll
0x00007ff80b080000 - 0x00007ff80b12d000 	C:\WINDOWS\System32\SHCORE.dll
0x00007ff80c060000 - 0x00007ff80c0b5000 	C:\WINDOWS\System32\shlwapi.dll
0x00007ff809800000 - 0x00007ff809825000 	C:\WINDOWS\SYSTEM32\profapi.dll
0x00007ff803470000 - 0x00007ff803489000 	C:\Users\LEONI\.vscode\extensions\redhat.java-1.24.0-win32-x64\jre\17.0.8.1-win32-x86_64\bin\net.dll
0x00007ff803200000 - 0x00007ff80330a000 	C:\WINDOWS\SYSTEM32\WINHTTP.dll
0x00007ff809070000 - 0x00007ff8090da000 	C:\WINDOWS\system32\mswsock.dll
0x00007fffffea0000 - 0x00007fffffeb5000 	C:\Users\LEONI\.vscode\extensions\redhat.java-1.24.0-win32-x64\jre\17.0.8.1-win32-x86_64\bin\nio.dll
0x00007ff803410000 - 0x00007ff803420000 	c:\Users\LEONI\.vscode\extensions\redhat.java-1.24.0-win32-x64\jre\17.0.8.1-win32-x86_64\bin\verify.dll
0x00007ffffadf0000 - 0x00007ffffae2e000 	C:\Users\LEONI\AppData\Roaming\Code\User\globalStorage\redhat.java\1.24.0\config_win\org.eclipse.equinox.launcher\org.eclipse.equinox.launcher.win32.win32.x86_64_1.2.700.v20221108-1024\eclipse_11801.dll
0x00007ff80a250000 - 0x00007ff80a37b000 	C:\WINDOWS\System32\ole32.dll
0x00007ff8033d0000 - 0x00007ff8033d9000 	C:\Users\LEONI\.vscode\extensions\redhat.java-1.24.0-win32-x64\jre\17.0.8.1-win32-x86_64\bin\management.dll
0x00007ff801090000 - 0x00007ff80109b000 	C:\Users\LEONI\.vscode\extensions\redhat.java-1.24.0-win32-x64\jre\17.0.8.1-win32-x86_64\bin\management_ext.dll
0x00007ff80b410000 - 0x00007ff80b418000 	C:\WINDOWS\System32\PSAPI.DLL
0x00007ff809260000 - 0x00007ff809278000 	C:\WINDOWS\SYSTEM32\CRYPTSP.dll
0x00007ff808930000 - 0x00007ff808964000 	C:\WINDOWS\system32\rsaenh.dll
0x00007ff809fe0000 - 0x00007ff80a007000 	C:\WINDOWS\System32\bcrypt.dll
0x00007ff809780000 - 0x00007ff8097ae000 	C:\WINDOWS\SYSTEM32\USERENV.dll
0x00007ff809280000 - 0x00007ff80928c000 	C:\WINDOWS\SYSTEM32\CRYPTBASE.dll
0x00007ff808d10000 - 0x00007ff808d4b000 	C:\WINDOWS\SYSTEM32\IPHLPAPI.DLL
0x00007ff80c1a0000 - 0x00007ff80c1a8000 	C:\WINDOWS\System32\NSI.dll
0x00007ff803f30000 - 0x00007ff803f47000 	C:\WINDOWS\SYSTEM32\dhcpcsvc6.DLL
0x00007ff804350000 - 0x00007ff80436d000 	C:\WINDOWS\SYSTEM32\dhcpcsvc.DLL
0x00007ff808d60000 - 0x00007ff808e2a000 	C:\WINDOWS\SYSTEM32\DNSAPI.dll
0x00007ff800ae0000 - 0x00007ff800b25000 	C:\Users\LEONI\AppData\Local\Temp\jna-72321585\jna18430545056642306579.dll
0x00007ff808a50000 - 0x00007ff808a83000 	C:\WINDOWS\SYSTEM32\ntmarta.dll
0x00007ff803750000 - 0x00007ff80375e000 	C:\Users\LEONI\.vscode\extensions\redhat.java-1.24.0-win32-x64\jre\17.0.8.1-win32-x86_64\bin\sunmscapi.dll
0x00007ff809d40000 - 0x00007ff809e9d000 	C:\WINDOWS\System32\CRYPT32.dll
0x00007ff809380000 - 0x00007ff8093a7000 	C:\WINDOWS\SYSTEM32\ncrypt.dll
0x00007ff809340000 - 0x00007ff80937b000 	C:\WINDOWS\SYSTEM32\NTASN1.dll
0x00007ff800470000 - 0x00007ff800477000 	C:\WINDOWS\system32\wshunix.dll
0x00007ff800500000 - 0x00007ff80050a000 	C:\Windows\System32\rasadhlp.dll
0x00007ff801870000 - 0x00007ff8018f0000 	C:\WINDOWS\System32\fwpuclnt.dll

dbghelp: loaded successfully - version: 4.0.5 - missing functions: none
symbol engine: initialized successfully - sym options: 0x614 - pdb path: .;c:\Users\LEONI\.vscode\extensions\redhat.java-1.24.0-win32-x64\jre\17.0.8.1-win32-x86_64\bin;C:\WINDOWS\SYSTEM32;C:\WINDOWS\WinSxS\amd64_microsoft.windows.common-controls_6595b64144ccf1df_6.0.19041.3636_none_60b6a03d71f818d5;c:\Users\LEONI\.vscode\extensions\redhat.java-1.24.0-win32-x64\jre\17.0.8.1-win32-x86_64\bin\server;C:\Users\LEONI\AppData\Roaming\Code\User\globalStorage\redhat.java\1.24.0\config_win\org.eclipse.equinox.launcher\org.eclipse.equinox.launcher.win32.win32.x86_64_1.2.700.v20221108-1024;C:\Users\LEONI\AppData\Local\Temp\jna-72321585

VM Arguments:
jvm_args: --add-modules=ALL-SYSTEM --add-opens=java.base/java.util=ALL-UNNAMED --add-opens=java.base/java.lang=ALL-UNNAMED --add-opens=java.base/sun.nio.fs=ALL-UNNAMED -Declipse.application=org.eclipse.jdt.ls.core.id1 -Dosgi.bundles.defaultStartLevel=4 -Declipse.product=org.eclipse.jdt.ls.core.product -Djava.import.generatesMetadataFilesAtProjectRoot=false -DDetectVMInstallationsJob.disabled=true -Dfile.encoding=utf8 -XX:+UseParallelGC -XX:GCTimeRatio=4 -XX:AdaptiveSizePolicyWeight=90 -Dsun.zip.disableMemoryMapping=true -Xmx1G -Xms100m -Xlog:disable -javaagent:c:\Users\LEONI\.vscode\extensions\redhat.java-1.24.0-win32-x64\lombok\lombok-1.18.30.jar -XX:+HeapDumpOnOutOfMemoryError -XX:HeapDumpPath=c:\Users\LEONI\AppData\Roaming\Code\User\workspaceStorage\24824f23d4a191a488ceda43c2de63fd\redhat.java -Daether.dependencyCollector.impl=bf 
java_command: c:\Users\LEONI\.vscode\extensions\redhat.java-1.24.0-win32-x64\server\plugins\org.eclipse.equinox.launcher_1.6.500.v20230717-2134.jar -configuration c:\Users\LEONI\AppData\Roaming\Code\User\globalStorage\redhat.java\1.24.0\config_win -data c:\Users\LEONI\AppData\Roaming\Code\User\workspaceStorage\24824f23d4a191a488ceda43c2de63fd\redhat.java\jdt_ws --stdio
java_class_path (initial): c:\Users\LEONI\.vscode\extensions\redhat.java-1.24.0-win32-x64\server\plugins\org.eclipse.equinox.launcher_1.6.500.v20230717-2134.jar
Launcher Type: SUN_STANDARD

[Global flags]
    uintx AdaptiveSizePolicyWeight                 = 90                                        {product} {command line}
     intx CICompilerCount                          = 3                                         {product} {ergonomic}
    uintx GCTimeRatio                              = 4                                         {product} {command line}
     bool HeapDumpOnOutOfMemoryError               = true                                   {manageable} {command line}
    ccstr HeapDumpPath                             = c:\Users\LEONI\AppData\Roaming\Code\User\workspaceStorage\24824f23d4a191a488ceda43c2de63fd\redhat.java         {manageable} {command line}
   size_t InitialHeapSize                          = 104857600                                 {product} {command line}
   size_t MaxHeapSize                              = 1073741824                                {product} {command line}
   size_t MaxNewSize                               = 357564416                                 {product} {ergonomic}
   size_t MinHeapDeltaBytes                        = 524288                                    {product} {ergonomic}
   size_t MinHeapSize                              = 104857600                                 {product} {command line}
   size_t NewSize                                  = 34603008                                  {product} {ergonomic}
    uintx NonNMethodCodeHeapSize                   = 5832780                                {pd product} {ergonomic}
    uintx NonProfiledCodeHeapSize                  = 122912730                              {pd product} {ergonomic}
   size_t OldSize                                  = 70254592                                  {product} {ergonomic}
    uintx ProfiledCodeHeapSize                     = 122912730                              {pd product} {ergonomic}
    uintx ReservedCodeCacheSize                    = 251658240                              {pd product} {ergonomic}
     bool SegmentedCodeCache                       = true                                      {product} {ergonomic}
   size_t SoftMaxHeapSize                          = 1073741824                             {manageable} {ergonomic}
     bool UseCompressedClassPointers               = true                           {product lp64_product} {ergonomic}
     bool UseCompressedOops                        = true                           {product lp64_product} {ergonomic}
     bool UseLargePagesIndividualAllocation        = false                                  {pd product} {ergonomic}
     bool UseParallelGC                            = true                                      {product} {command line}

Logging:
Log output configuration:
 #0: stdout all=off uptime,level,tags
 #1: stderr all=off uptime,level,tags

Environment Variables:
JAVA_HOME=C:\Program Files\Eclipse Adoptium\jdk-11.0.19.7-hotspot\
PATH=C:\Program Files\Eclipse Adoptium\jdk-11.0.19.7-hotspot\bin;C:\Program Files (x86)\Common Files\Oracle\Java\javapath;C:\WINDOWS\system32;C:\WINDOWS;C:\WINDOWS\System32\Wbem;C:\WINDOWS\System32\WindowsPowerShell\v1.0\;C:\WINDOWS\System32\OpenSSH\;C:\Program Files\Git\cmd;C:\Users\LEONI\AppData\Local\Microsoft\WindowsApps;;C:\Users\LEONI\AppData\Local\Programs\Microsoft VS Code\bin
USERNAME=LEONI
OS=Windows_NT
PROCESSOR_IDENTIFIER=Intel64 Family 6 Model 69 Stepping 1, GenuineIntel
TMP=C:\Users\LEONI\AppData\Local\Temp
TEMP=C:\Users\LEONI\AppData\Local\Temp



---------------  S Y S T E M  ---------------

OS:
 Windows 10 , 64 bit Build 19041 (10.0.19041.3636)
OS uptime: 3 days 22:26 hours

CPU: total 4 (initial active 4) (2 cores per cpu, 2 threads per core) family 6 model 69 stepping 1 microcode 0x25, cx8, cmov, fxsr, ht, mmx, sse, sse2, sse3, ssse3, sse4.1, sse4.2, popcnt, lzcnt, tsc, tscinvbit, avx, avx2, aes, erms, clmul, bmi1, bmi2, fma, vzeroupper, clflush
Processor Information for all 4 processors :
  Max Mhz: 2601, Current Mhz: 2601, Mhz Limit: 2601

Memory: 4k page, system-wide physical 8104M (3502M free)
TotalPageFile size 9384M (AvailPageFile size 3342M)
current process WorkingSet (physical memory assigned to process): 629M, peak: 1002M
current process commit charge ("private bytes"): 683M, peak: 890M

vm_info: OpenJDK 64-Bit Server VM (17.0.8.1+1) for windows-amd64 JRE (17.0.8.1+1), built on Aug 23 2023 15:29:17 by "admin" with MS VC++ 16.7 (VS2019)

END.
